<?xml version="1.0" encoding="UTF-8"?>
<testsuite xmlns:xsi="http://www.w3.org/2001/XMLSchema-instance" xsi:noNamespaceSchemaLocation="https://maven.apache.org/surefire/maven-surefire-plugin/xsd/surefire-test-report.xsd" name="com.axreng.backend.CrawlingProcessorInputTest" time="0.056" tests="7" errors="0" skipped="0" failures="0">
  <properties>
[...]
</properties>
  <testcase name="noProtocolTest" classname="com.axreng.backend.CrawlingProcessorInputTest" time="0.014"/>
  <testcase name="invalidUrlTest" classname="com.axreng.backend.CrawlingProcessorInputTest" time="0.003"/>
  <testcase name="invalidKeywordNotAlphaNumeric" classname="com.axreng.backend.CrawlingProcessorInputTest" time="0.002"/>
  <testcase name="invalidKeywordSizeTest01" classname="com.axreng.backend.CrawlingProcessorInputTest" time="0.005"/>
  <testcase name="keyWordNotPresentTest" classname="com.axreng.backend.CrawlingProcessorInputTest" time="0.001"/>
  <testcase name="urlNotPresentTest" classname="com.axreng.backend.CrawlingProcessorInputTest" time="0.001"/>
  <testcase name="shouldConstructValidCrawlingProcessor01" classname="com.axreng.backend.CrawlingProcessorInputTest" time="0.002"/>
</testsuite>